<?xml version="1.0" encoding="UTF-8"?>
<!-- Generated by org.testng.reporters.JUnitReportReporter -->
<testsuite hostname="TGVHP60" name="com.TestCasesRunner.validSignInButtonRunner" tests="1" failures="0" timestamp="1 Feb 2021 18:00:00 GMT" time="86.509" errors="0">
  <testcase name="checkValidUser" time="86.509" classname="com.TestCasesRunner.validSignInButtonRunner"/>
</testsuite> <!-- com.TestCasesRunner.validSignInButtonRunner -->
